<?xml version="1.0" encoding="UTF-8"?>
<!-- Generated by org.testng.reporters.JUnitReportReporter -->
<testsuite hostname="AdarshMP" failures="0" tests="1" name="Demo3.Maven4" time="23.736" errors="0" timestamp="2023-09-20T01:29:53 IST" skipped="0">
  <testcase classname="Demo3.Maven4" name="m4" time="23.736"/>
</testsuite> <!-- Demo3.Maven4 -->
