<?xml version="1.0" encoding="UTF-8"?>
<!-- Generated by org.testng.reporters.JUnitReportReporter -->
<testsuite hostname="AdarshMP" failures="0" tests="1" name="Demo2.Maven2" time="0.002" errors="0" timestamp="2023-09-07T02:46:06 IST" skipped="0">
  <testcase classname="Demo2.Maven2" name="m2" time="0.002"/>
</testsuite> <!-- Demo2.Maven2 -->
