<?xml version="1.0" encoding="UTF-8"?>
<!-- Generated by org.testng.reporters.JUnitReportReporter -->
<testsuite hostname="AdarshMP" failures="0" tests="1" name="Demo1.Maven1" time="0.013" errors="0" timestamp="2023-09-20T01:29:53 IST" skipped="0">
  <testcase classname="Demo1.Maven1" name="m1" time="0.013"/>
</testsuite> <!-- Demo1.Maven1 -->
